Activated venv; using python: Python 3.12.3
====================================================================
Optuna bulk tuning job
====================================================================
Node: argon-gtx
GPUs requested: 0 1 2 3 4 5 6
Workers: 7 (trials/worker: 1429)
Total target trials: 10000
Optuna storage: sqlite:///runs/optuna_isotherm_bulk.db
Study name: nn_study_isotherm_bulk
CSV file: ./data/Clean_Results_Isotherm.csv
Target labels: all
====================================================================
Fri Nov 21 01:20:29 2025       
+-----------------------------------------------------------------------------------------+
| NVIDIA-SMI 580.95.05              Driver Version: 580.95.05      CUDA Version: 13.0     |
+-----------------------------------------+------------------------+----------------------+
| GPU  Name                 Persistence-M | Bus-Id          Disp.A | Volatile Uncorr. ECC |
| Fan  Temp   Perf          Pwr:Usage/Cap |           Memory-Usage | GPU-Util  Compute M. |
|                                         |                        |               MIG M. |
|=========================================+========================+======================|
|   0  NVIDIA GeForce GTX 1080 Ti     Off |   00000000:3D:00.0 Off |                  N/A |
| 23%   21C    P8              8W /  250W |       3MiB /  11264MiB |      0%      Default |
|                                         |                        |                  N/A |
+-----------------------------------------+------------------------+----------------------+
|   1  NVIDIA GeForce GTX 1080 Ti     Off |   00000000:3E:00.0 Off |                  N/A |
| 23%   24C    P8              8W /  250W |       3MiB /  11264MiB |      0%      Default |
|                                         |                        |                  N/A |
+-----------------------------------------+------------------------+----------------------+
|   2  NVIDIA GeForce GTX 1080 Ti     Off |   00000000:60:00.0 Off |                  N/A |
| 23%   21C    P8              8W /  250W |       3MiB /  11264MiB |      0%      Default |
|                                         |                        |                  N/A |
+-----------------------------------------+------------------------+----------------------+
|   3  NVIDIA GeForce GTX 1080 Ti     Off |   00000000:B1:00.0 Off |                  N/A |
|  0%   17C    P8              7W /  250W |       3MiB /  11264MiB |      0%      Default |
|                                         |                        |                  N/A |
+-----------------------------------------+------------------------+----------------------+
|   4  NVIDIA GeForce GTX 1080 Ti     Off |   00000000:B2:00.0 Off |                  N/A |
|  0%   19C    P8              8W /  250W |       3MiB /  11264MiB |      0%      Default |
|                                         |                        |                  N/A |
+-----------------------------------------+------------------------+----------------------+
|   5  NVIDIA GeForce GTX 1080 Ti     Off |   00000000:DA:00.0 Off |                  N/A |
|  0%   20C    P8              8W /  250W |       3MiB /  11264MiB |      0%      Default |
|                                         |                        |                  N/A |
+-----------------------------------------+------------------------+----------------------+
|   6  NVIDIA GeForce GTX 1080 Ti     Off |   00000000:DB:00.0 Off |                  N/A |
|  0%   18C    P8              8W /  250W |       3MiB /  11264MiB |      0%      Default |
|                                         |                        |                  N/A |
+-----------------------------------------+------------------------+----------------------+

+-----------------------------------------------------------------------------------------+
| Processes:                                                                              |
|  GPU   GI   CI              PID   Type   Process name                        GPU Memory |
|        ID   ID                                                               Usage      |
|=========================================================================================|
|  No running processes found                                                             |
+-----------------------------------------------------------------------------------------+
[Launch] Worker 0 -> GPU 0, 1429 trials
[Launch] Worker 1 -> GPU 1, 1429 trials
[Launch] Worker 2 -> GPU 2, 1429 trials
[Launch] Worker 3 -> GPU 3, 1429 trials
[Launch] Worker 4 -> GPU 4, 1429 trials
[Launch] Worker 5 -> GPU 5, 1429 trials
[Launch] Worker 6 -> GPU 6, 1429 trials
Waiting for all tuning workers to finish...
