/home/barattts/lavoltabuona/BA/.venv/daicheelavoltabuona/lib/python3.12/site-packages/torch/cuda/__init__.py:61: FutureWarning: The pynvml package is deprecated. Please install nvidia-ml-py instead. If you did not install pynvml directly, please report this to the maintainers of the package that installed pynvml for you.
  import pynvml  # type: ignore[import]
2025-11-21 20:21:51.477233: I tensorflow/core/platform/cpu_feature_guard.cc:210] This TensorFlow binary is optimized to use available CPU instructions in performance-critical operations.
To enable the following instructions: AVX2 AVX512F FMA, in other operations, rebuild TensorFlow with the appropriate compiler flags.
2025-11-21 20:21:57,361 - INFO - Using device: cuda
2025-11-21 20:21:57,363 - INFO - Target labels for this run: ['Area', 'Iso_distance', 'Iso_width']
2025-11-21 20:21:57,365 - INFO - Optuna config -> study: nn_study_isotherm_bulk | storage: mysql+mysqlconnector://root:strong_password@127.0.0.1:3307/optuna_study?ssl=false | trials: 179 | n_jobs: 1
2025-11-21 20:21:57,370 - INFO - Starting power monitor (interval=1.0s, filter='python', dir=runs/run_20251121-202157_Area_Iso_distance_Iso_width_worker0/power_monitor)
2025-11-21 20:21:57,370 - INFO - Starting Optuna study: nn_study_isotherm_bulk...
2025-11-21 20:21:57,979 - INFO - Stopping power monitor...
Traceback (most recent call last):
  File "/home/barattts/lavoltabuona/BA/run_optuna.py", line 127, in <module>
    main()
  File "/home/barattts/lavoltabuona/BA/run_optuna.py", line 101, in main
    study = optuna.create_study(
            ^^^^^^^^^^^^^^^^^^^^
  File "/home/barattts/lavoltabuona/BA/.venv/daicheelavoltabuona/lib/python3.12/site-packages/optuna/_convert_positional_args.py", line 135, in converter_wrapper
    return func(**kwargs)  # type: ignore[call-arg]
           ^^^^^^^^^^^^^^
  File "/home/barattts/lavoltabuona/BA/.venv/daicheelavoltabuona/lib/python3.12/site-packages/optuna/study/study.py", line 1297, in create_study
    storage = storages.get_storage(storage)
              ^^^^^^^^^^^^^^^^^^^^^^^^^^^^^
  File "/home/barattts/lavoltabuona/BA/.venv/daicheelavoltabuona/lib/python3.12/site-packages/optuna/storages/__init__.py", line 49, in get_storage
    return _CachedStorage(RDBStorage(storage))
                          ^^^^^^^^^^^^^^^^^^^
  File "/home/barattts/lavoltabuona/BA/.venv/daicheelavoltabuona/lib/python3.12/site-packages/optuna/storages/_rdb/storage.py", line 238, in __init__
    models.BaseModel.metadata.create_all(self.engine)
  File "/home/barattts/lavoltabuona/BA/.venv/daicheelavoltabuona/lib/python3.12/site-packages/sqlalchemy/sql/schema.py", line 5928, in create_all
    bind._run_ddl_visitor(
  File "/home/barattts/lavoltabuona/BA/.venv/daicheelavoltabuona/lib/python3.12/site-packages/sqlalchemy/engine/base.py", line 3251, in _run_ddl_visitor
    with self.begin() as conn:
  File "/usr/lib/python3.12/contextlib.py", line 137, in __enter__
    return next(self.gen)
           ^^^^^^^^^^^^^^
  File "/home/barattts/lavoltabuona/BA/.venv/daicheelavoltabuona/lib/python3.12/site-packages/sqlalchemy/engine/base.py", line 3241, in begin
    with self.connect() as conn:
         ^^^^^^^^^^^^^^
  File "/home/barattts/lavoltabuona/BA/.venv/daicheelavoltabuona/lib/python3.12/site-packages/sqlalchemy/engine/base.py", line 3277, in connect
    return self._connection_cls(self)
           ^^^^^^^^^^^^^^^^^^^^^^^^^^
  File "/home/barattts/lavoltabuona/BA/.venv/daicheelavoltabuona/lib/python3.12/site-packages/sqlalchemy/engine/base.py", line 143, in __init__
    self._dbapi_connection = engine.raw_connection()
                             ^^^^^^^^^^^^^^^^^^^^^^^
  File "/home/barattts/lavoltabuona/BA/.venv/daicheelavoltabuona/lib/python3.12/site-packages/sqlalchemy/engine/base.py", line 3301, in raw_connection
    return self.pool.connect()
           ^^^^^^^^^^^^^^^^^^^
  File "/home/barattts/lavoltabuona/BA/.venv/daicheelavoltabuona/lib/python3.12/site-packages/sqlalchemy/pool/base.py", line 447, in connect
    return _ConnectionFairy._checkout(self)
           ^^^^^^^^^^^^^^^^^^^^^^^^^^^^^^^^
  File "/home/barattts/lavoltabuona/BA/.venv/daicheelavoltabuona/lib/python3.12/site-packages/sqlalchemy/pool/base.py", line 1264, in _checkout
    fairy = _ConnectionRecord.checkout(pool)
            ^^^^^^^^^^^^^^^^^^^^^^^^^^^^^^^^
  File "/home/barattts/lavoltabuona/BA/.venv/daicheelavoltabuona/lib/python3.12/site-packages/sqlalchemy/pool/base.py", line 711, in checkout
    rec = pool._do_get()
          ^^^^^^^^^^^^^^
  File "/home/barattts/lavoltabuona/BA/.venv/daicheelavoltabuona/lib/python3.12/site-packages/sqlalchemy/pool/impl.py", line 177, in _do_get
    with util.safe_reraise():
  File "/home/barattts/lavoltabuona/BA/.venv/daicheelavoltabuona/lib/python3.12/site-packages/sqlalchemy/util/langhelpers.py", line 224, in __exit__
    raise exc_value.with_traceback(exc_tb)
  File "/home/barattts/lavoltabuona/BA/.venv/daicheelavoltabuona/lib/python3.12/site-packages/sqlalchemy/pool/impl.py", line 175, in _do_get
    return self._create_connection()
           ^^^^^^^^^^^^^^^^^^^^^^^^^
  File "/home/barattts/lavoltabuona/BA/.venv/daicheelavoltabuona/lib/python3.12/site-packages/sqlalchemy/pool/base.py", line 388, in _create_connection
    return _ConnectionRecord(self)
           ^^^^^^^^^^^^^^^^^^^^^^^
  File "/home/barattts/lavoltabuona/BA/.venv/daicheelavoltabuona/lib/python3.12/site-packages/sqlalchemy/pool/base.py", line 673, in __init__
    self.__connect()
  File "/home/barattts/lavoltabuona/BA/.venv/daicheelavoltabuona/lib/python3.12/site-packages/sqlalchemy/pool/base.py", line 899, in __connect
    with util.safe_reraise():
  File "/home/barattts/lavoltabuona/BA/.venv/daicheelavoltabuona/lib/python3.12/site-packages/sqlalchemy/util/langhelpers.py", line 224, in __exit__
    raise exc_value.with_traceback(exc_tb)
  File "/home/barattts/lavoltabuona/BA/.venv/daicheelavoltabuona/lib/python3.12/site-packages/sqlalchemy/pool/base.py", line 895, in __connect
    self.dbapi_connection = connection = pool._invoke_creator(self)
                                         ^^^^^^^^^^^^^^^^^^^^^^^^^^
  File "/home/barattts/lavoltabuona/BA/.venv/daicheelavoltabuona/lib/python3.12/site-packages/sqlalchemy/engine/create.py", line 661, in connect
    return dialect.connect(*cargs, **cparams)
           ^^^^^^^^^^^^^^^^^^^^^^^^^^^^^^^^^^
  File "/home/barattts/lavoltabuona/BA/.venv/daicheelavoltabuona/lib/python3.12/site-packages/sqlalchemy/engine/default.py", line 629, in connect
    return self.loaded_dbapi.connect(*cargs, **cparams)  # type: ignore[no-any-return]  # NOQA: E501
           ^^^^^^^^^^^^^^^^^^^^^^^^^^^^^^^^^^^^^^^^^^^^
  File "/home/barattts/lavoltabuona/BA/.venv/daicheelavoltabuona/lib/python3.12/site-packages/mysql/connector/pooling.py", line 323, in connect
    return MySQLConnection(*args, **kwargs)
           ^^^^^^^^^^^^^^^^^^^^^^^^^^^^^^^^
  File "/home/barattts/lavoltabuona/BA/.venv/daicheelavoltabuona/lib/python3.12/site-packages/mysql/connector/connection.py", line 185, in __init__
    self.connect(**kwargs)
  File "/home/barattts/lavoltabuona/BA/.venv/daicheelavoltabuona/lib/python3.12/site-packages/mysql/connector/abstracts.py", line 1601, in connect
    self.config(**kwargs)
  File "/home/barattts/lavoltabuona/BA/.venv/daicheelavoltabuona/lib/python3.12/site-packages/mysql/connector/abstracts.py", line 726, in config
    raise AttributeError(f"Unsupported argument '{key}'") from None
AttributeError: Unsupported argument 'ssl'
srun: error: argon-gtx: task 0: Exited with exit code 1
