/home/barattts/lavoltabuona/BA/.venv/daicheelavoltabuona/lib/python3.12/site-packages/torch/cuda/__init__.py:61: FutureWarning: The pynvml package is deprecated. Please install nvidia-ml-py instead. If you did not install pynvml directly, please report this to the maintainers of the package that installed pynvml for you.
  import pynvml  # type: ignore[import]
/home/barattts/lavoltabuona/BA/.venv/daicheelavoltabuona/lib/python3.12/site-packages/torch/cuda/__init__.py:61: FutureWarning: The pynvml package is deprecated. Please install nvidia-ml-py instead. If you did not install pynvml directly, please report this to the maintainers of the package that installed pynvml for you.
  import pynvml  # type: ignore[import]
/home/barattts/lavoltabuona/BA/.venv/daicheelavoltabuona/lib/python3.12/site-packages/torch/cuda/__init__.py:61: FutureWarning: The pynvml package is deprecated. Please install nvidia-ml-py instead. If you did not install pynvml directly, please report this to the maintainers of the package that installed pynvml for you.
  import pynvml  # type: ignore[import]
2025-11-21 01:29:09.798589: I tensorflow/core/platform/cpu_feature_guard.cc:210] This TensorFlow binary is optimized to use available CPU instructions in performance-critical operations.
To enable the following instructions: AVX2 AVX512F FMA, in other operations, rebuild TensorFlow with the appropriate compiler flags.
2025-11-21 01:29:11.143868: I tensorflow/core/platform/cpu_feature_guard.cc:210] This TensorFlow binary is optimized to use available CPU instructions in performance-critical operations.
To enable the following instructions: AVX2 AVX512F FMA, in other operations, rebuild TensorFlow with the appropriate compiler flags.
2025-11-21 01:29:13.833351: I tensorflow/core/platform/cpu_feature_guard.cc:210] This TensorFlow binary is optimized to use available CPU instructions in performance-critical operations.
To enable the following instructions: AVX2 AVX512F FMA, in other operations, rebuild TensorFlow with the appropriate compiler flags.
2025-11-21 01:29:15,855 - INFO - Using device: cuda
2025-11-21 01:29:15,855 - INFO - Using device: cuda
2025-11-21 01:29:15,856 - INFO - Target labels for this run: ['Area', 'Iso_distance', 'Iso_width']
2025-11-21 01:29:15,857 - INFO - Target labels for this run: ['Area', 'Iso_distance', 'Iso_width']
2025-11-21 01:29:15,857 - INFO - Optuna config -> study: nn_study_isotherm_bulk | storage: sqlite:///runs/optuna_isotherm_bulk.db | trials: 1429 | n_jobs: 4
2025-11-21 01:29:15,857 - INFO - Starting Optuna study: nn_study_isotherm_bulk...
2025-11-21 01:29:15,858 - INFO - Optuna config -> study: nn_study_isotherm_bulk | storage: sqlite:///runs/optuna_isotherm_bulk.db | trials: 1429 | n_jobs: 4
2025-11-21 01:29:15,858 - INFO - Starting Optuna study: nn_study_isotherm_bulk...
[I 2025-11-21 01:29:16,708] Using an existing study with name 'nn_study_isotherm_bulk' instead of creating a new one.
[I 2025-11-21 01:29:16,713] Using an existing study with name 'nn_study_isotherm_bulk' instead of creating a new one.
2025-11-21 01:29:19,168 - INFO - Using device: cuda
2025-11-21 01:29:19,171 - INFO - Target labels for this run: ['Area', 'Iso_distance', 'Iso_width']
2025-11-21 01:29:19,172 - INFO - Optuna config -> study: nn_study_isotherm_bulk | storage: sqlite:///runs/optuna_isotherm_bulk.db | trials: 1429 | n_jobs: 4
2025-11-21 01:29:19,172 - INFO - Starting Optuna study: nn_study_isotherm_bulk...
[I 2025-11-21 01:29:19,999] Using an existing study with name 'nn_study_isotherm_bulk' instead of creating a new one.
srun: Job 804 step creation temporarily disabled, retrying (Requested nodes are busy)
srun: Job 804 step creation temporarily disabled, retrying (Requested nodes are busy)
srun: Job 804 step creation temporarily disabled, retrying (Requested nodes are busy)
srun: Job 804 step creation temporarily disabled, retrying (Requested nodes are busy)
srun: Job 804 step creation still disabled, retrying (Requested nodes are busy)
srun: Job 804 step creation still disabled, retrying (Requested nodes are busy)
srun: Job 804 step creation still disabled, retrying (Requested nodes are busy)
srun: Job 804 step creation still disabled, retrying (Requested nodes are busy)
srun: error: Unable to create step for job 804: Job/step already completing or completed
srun: error: Unable to create step for job 804: Job/step already completing or completed
srun: Job step aborted: Waiting up to 122 seconds for job step to finish.
srun: Job step aborted: Waiting up to 122 seconds for job step to finish.
srun: error: Unable to create step for job 804: Job/step already completing or completed
srun: error: Unable to create step for job 804: Job/step already completing or completed
srun: Job step aborted: Waiting up to 122 seconds for job step to finish.
slurmstepd-argon-gtx: error: *** STEP 804.2 ON argon-gtx CANCELLED AT 2025-11-21T01:34:45 ***
slurmstepd-argon-gtx: error: *** STEP 804.0 ON argon-gtx CANCELLED AT 2025-11-21T01:34:45 ***
slurmstepd-argon-gtx: error: *** STEP 804.1 ON argon-gtx CANCELLED AT 2025-11-21T01:34:45 ***
slurmstepd-argon-gtx: error: *** JOB 804 ON argon-gtx CANCELLED AT 2025-11-21T01:34:45 ***
