Job started on argon-gtx
Job ID: 541
Working directory: /home/barattts/lavoltabuona/BA
---
Starting Python script...
Unable to determine the device handle for GPU0000:61:00.0: Unknown Error
Running: python run_optuna.py --target Area --skip-optuna
/home/barattts/lavoltabuona/BA/.venv/daicheelavoltabuona/lib/python3.12/site-packages/torch/cuda/__init__.py:61: FutureWarning: The pynvml package is deprecated. Please install nvidia-ml-py instead. If you did not install pynvml directly, please report this to the maintainers of the package that installed pynvml for you.
  import pynvml  # type: ignore[import]
2025-11-07 18:35:30,832 - INFO - Using device: cuda
2025-11-07 18:35:30,834 - INFO - Target labels for this run: ['Area']
2025-11-07 18:35:30,834 - INFO - Skip Optuna: True
2025-11-07 18:35:30,835 - INFO - Skipping Optuna. Loading best parameters from study: nn_study_Area...
2025-11-07 18:35:31,670 - ERROR - Study 'nn_study_Area' not found in database. Available studies:
2025-11-07 18:35:59,974 - ERROR -   - nn_study_['Iso_distance']
2025-11-07 18:35:59,975 - ERROR -   - nn_study_['Area']
2025-11-07 18:35:59,975 - ERROR -   - nn_study_['Iso_width']
2025-11-07 18:35:59,975 - ERROR -   - nn_study_['Area', 'Iso_distance', 'Iso_width']
2025-11-07 18:35:59,975 - INFO - Falling back to default parameters...
2025-11-07 18:35:59,975 - INFO - Training final model with parameters...
2025-11-07 18:35:59,975 - INFO - Starting main training for labels ['Area']...
2025-11-07 18:36:01,027 - INFO - Final training: 47896 train samples, 11975 val samples, 25660 test samples.
/home/barattts/lavoltabuona/BA/.venv/daicheelavoltabuona/lib/python3.12/site-packages/torch/cuda/__init__.py:734: UserWarning: Can't initialize NVML
  warnings.warn("Can't initialize NVML")
2025-11-07 18:36:01,659 - INFO - Using SmoothL1Loss (Huber Loss)
2025-11-07 18:36:04,407 - INFO - Using CosineAnnealingLR with T_max=1000
2025-11-07 18:36:04,407 - INFO - Added warmup for 10 epochs
2025-11-07 18:36:04,473 - INFO - Starting final training loop for max 1000 epochs (Patience=100)...
2025-11-07 18:36:06,773 - INFO - Epoch [1/1000], Train Loss: 0.022847, Val Loss: 0.004513, LR: 0.000190
2025-11-07 18:36:06,774 - INFO - New best model found at epoch 1 with val_loss: 0.004513
2025-11-07 18:36:08,920 - INFO - New best model found at epoch 2 with val_loss: 0.004316
2025-11-07 18:36:10,971 - INFO - New best model found at epoch 3 with val_loss: 0.004214
2025-11-07 18:36:13,012 - INFO - New best model found at epoch 4 with val_loss: 0.004131
2025-11-07 18:36:15,060 - INFO - New best model found at epoch 5 with val_loss: 0.003945
2025-11-07 18:36:17,077 - INFO - New best model found at epoch 6 with val_loss: 0.003728
2025-11-07 18:36:19,096 - INFO - New best model found at epoch 7 with val_loss: 0.002984
2025-11-07 18:36:21,106 - INFO - New best model found at epoch 8 with val_loss: 0.002653
2025-11-07 18:36:23,120 - INFO - New best model found at epoch 9 with val_loss: 0.002240
/home/barattts/lavoltabuona/BA/.venv/daicheelavoltabuona/lib/python3.12/site-packages/torch/optim/lr_scheduler.py:243: UserWarning: The epoch parameter in `scheduler.step()` was not necessary and is being deprecated where possible. Please use `scheduler.step()` to step the scheduler. During the deprecation, if epoch is different from None, the closed form is used instead of the new chainable form, where available. Please open an issue if you are unable to replicate your use case: https://github.com/pytorch/pytorch/issues/new/choose.
  warnings.warn(EPOCH_DEPRECATION_WARNING, UserWarning)
2025-11-07 18:36:25,142 - INFO - New best model found at epoch 10 with val_loss: 0.002051
2025-11-07 18:36:27,151 - INFO - New best model found at epoch 11 with val_loss: 0.001756
2025-11-07 18:36:29,141 - INFO - New best model found at epoch 12 with val_loss: 0.001305
2025-11-07 18:36:31,116 - INFO - New best model found at epoch 13 with val_loss: 0.001028
2025-11-07 18:36:33,081 - INFO - New best model found at epoch 14 with val_loss: 0.000719
2025-11-07 18:36:35,054 - INFO - New best model found at epoch 15 with val_loss: 0.000623
2025-11-07 18:36:37,022 - INFO - New best model found at epoch 16 with val_loss: 0.000304
2025-11-07 18:36:42,923 - INFO - New best model found at epoch 19 with val_loss: 0.000220
2025-11-07 18:36:44,890 - INFO - New best model found at epoch 20 with val_loss: 0.000162
2025-11-07 18:36:50,824 - INFO - New best model found at epoch 23 with val_loss: 0.000121
2025-11-07 18:36:58,756 - INFO - New best model found at epoch 27 with val_loss: 0.000117
2025-11-07 18:37:06,773 - INFO - New best model found at epoch 31 with val_loss: 0.000101
2025-11-07 18:37:16,772 - INFO - New best model found at epoch 36 with val_loss: 0.000096
2025-11-07 18:37:28,835 - INFO - New best model found at epoch 42 with val_loss: 0.000084
2025-11-07 18:37:36,921 - INFO - New best model found at epoch 46 with val_loss: 0.000073
2025-11-07 18:37:40,933 - INFO - New best model found at epoch 48 with val_loss: 0.000063
2025-11-07 18:37:44,941 - INFO - Epoch [50/1000], Train Loss: 0.000284, Val Loss: 0.000121, LR: 0.000996
2025-11-07 18:37:48,949 - INFO - New best model found at epoch 52 with val_loss: 0.000062
2025-11-07 18:37:53,004 - INFO - New best model found at epoch 54 with val_loss: 0.000051
2025-11-07 18:38:35,569 - INFO - New best model found at epoch 75 with val_loss: 0.000036
2025-11-07 18:39:25,513 - INFO - Epoch [100/1000], Train Loss: 0.000215, Val Loss: 0.000040, LR: 0.000980
2025-11-07 18:39:33,496 - INFO - New best model found at epoch 104 with val_loss: 0.000032
2025-11-07 18:40:03,451 - INFO - New best model found at epoch 119 with val_loss: 0.000027
2025-11-07 18:41:07,703 - INFO - Epoch [150/1000], Train Loss: 0.000177, Val Loss: 0.000039, LR: 0.000952
2025-11-07 18:41:49,665 - INFO - New best model found at epoch 170 with val_loss: 0.000022
slurmstepd-argon-gtx: error: *** JOB 541 ON argon-gtx CANCELLED AT 2025-11-07T18:41:55 ***
