Job started on argon-gtx
Job ID: 547
Working directory: /home/barattts/lavoltabuona/BA
---
Starting Python script...
Unable to determine the device handle for GPU0000:61:00.0: Unknown Error
Running: python run_optuna.py --target Iso_width --skip-optuna
/home/barattts/lavoltabuona/BA/.venv/daicheelavoltabuona/lib/python3.12/site-packages/torch/cuda/__init__.py:61: FutureWarning: The pynvml package is deprecated. Please install nvidia-ml-py instead. If you did not install pynvml directly, please report this to the maintainers of the package that installed pynvml for you.
  import pynvml  # type: ignore[import]
2025-11-07 18:40:40,928 - INFO - Using device: cuda
2025-11-07 18:40:40,929 - INFO - Target labels for this run: ['Iso_width']
2025-11-07 18:40:40,929 - INFO - Skip Optuna: True
2025-11-07 18:40:40,930 - INFO - Skipping Optuna. Loading best parameters from study: nn_study_Iso_width...
2025-11-07 18:40:41,950 - INFO - Successfully loaded best parameters from trial 1616:
2025-11-07 18:40:41,975 - INFO -   Best value (RMSE): 0.001146
2025-11-07 18:40:49,518 - INFO -   Number of trials completed: 2743
2025-11-07 18:40:49,518 - INFO -   Optimized parameters:
2025-11-07 18:40:49,639 - INFO -     batch_size: 64
2025-11-07 18:40:49,639 - INFO -     learning_rate: 0.003384871040990215
2025-11-07 18:40:49,639 - INFO -     nr_hidden_layers: 1
2025-11-07 18:40:49,639 - INFO -     nr_neurons: 112
2025-11-07 18:40:49,639 - INFO -     dropout_rate: 0.00014697292771531992
2025-11-07 18:40:49,639 - INFO -     weight_decay: 4.3897138187438567e-05
2025-11-07 18:40:49,639 - INFO -     activation_name: GELU
2025-11-07 18:40:49,639 - INFO -     loss_criterion: SmoothL1
2025-11-07 18:40:49,639 - INFO -   Hardcoded parameters:
2025-11-07 18:40:49,639 - INFO -     batch_size: 64
2025-11-07 18:40:49,639 - INFO -     nr_hidden_layers: 1
2025-11-07 18:40:49,639 - INFO -     activation_name: GELU
2025-11-07 18:40:49,639 - INFO -     loss_criterion: SmoothL1
2025-11-07 18:40:49,639 - INFO - Training final model with parameters...
2025-11-07 18:40:49,639 - INFO - Starting main training for labels ['Iso_width']...
2025-11-07 18:40:50,741 - INFO - Final training: 47896 train samples, 11975 val samples, 25660 test samples.
/home/barattts/lavoltabuona/BA/.venv/daicheelavoltabuona/lib/python3.12/site-packages/torch/cuda/__init__.py:734: UserWarning: Can't initialize NVML
  warnings.warn("Can't initialize NVML")
2025-11-07 18:40:51,148 - INFO - Using SmoothL1Loss (Huber Loss)
2025-11-07 18:40:53,080 - INFO - Using CosineAnnealingLR with T_max=1000
2025-11-07 18:40:53,080 - INFO - Added warmup for 10 epochs
2025-11-07 18:40:53,142 - INFO - Starting final training loop for max 1000 epochs (Patience=100)...
2025-11-07 18:40:55,038 - INFO - Epoch [1/1000], Train Loss: 0.006617, Val Loss: 0.003218, LR: 0.000643
2025-11-07 18:40:55,039 - INFO - New best model found at epoch 1 with val_loss: 0.003218
2025-11-07 18:40:56,711 - INFO - New best model found at epoch 2 with val_loss: 0.002936
2025-11-07 18:40:58,411 - INFO - New best model found at epoch 3 with val_loss: 0.002057
2025-11-07 18:41:00,088 - INFO - New best model found at epoch 4 with val_loss: 0.001714
2025-11-07 18:41:01,760 - INFO - New best model found at epoch 5 with val_loss: 0.001227
2025-11-07 18:41:03,410 - INFO - New best model found at epoch 6 with val_loss: 0.000870
2025-11-07 18:41:05,053 - INFO - New best model found at epoch 7 with val_loss: 0.000617
2025-11-07 18:41:06,701 - INFO - New best model found at epoch 8 with val_loss: 0.000363
/home/barattts/lavoltabuona/BA/.venv/daicheelavoltabuona/lib/python3.12/site-packages/torch/optim/lr_scheduler.py:243: UserWarning: The epoch parameter in `scheduler.step()` was not necessary and is being deprecated where possible. Please use `scheduler.step()` to step the scheduler. During the deprecation, if epoch is different from None, the closed form is used instead of the new chainable form, where available. Please open an issue if you are unable to replicate your use case: https://github.com/pytorch/pytorch/issues/new/choose.
  warnings.warn(EPOCH_DEPRECATION_WARNING, UserWarning)
2025-11-07 18:41:11,661 - INFO - New best model found at epoch 11 with val_loss: 0.000193
2025-11-07 18:41:19,931 - INFO - New best model found at epoch 16 with val_loss: 0.000108
2025-11-07 18:41:23,231 - INFO - New best model found at epoch 18 with val_loss: 0.000062
2025-11-07 18:41:28,257 - INFO - New best model found at epoch 21 with val_loss: 0.000055
2025-11-07 18:41:31,628 - INFO - New best model found at epoch 23 with val_loss: 0.000038
2025-11-07 18:41:40,017 - INFO - New best model found at epoch 28 with val_loss: 0.000031
2025-11-07 18:41:48,251 - INFO - New best model found at epoch 33 with val_loss: 0.000022
slurmstepd-argon-gtx: error: *** JOB 547 ON argon-gtx CANCELLED AT 2025-11-07T18:41:55 ***
