Job started on argon-gtx
Job ID: 535
Working directory: /home/barattts/lavoltabuona/BA
---
Starting Python script...
Running: python run_optuna.py --target Area
2025-11-06 23:25:03,153 - INFO - Using device: cuda
2025-11-06 23:25:03,154 - INFO - Target labels for this run: ['Area']
2025-11-06 23:25:03,154 - INFO - Skip Optuna: False
2025-11-06 23:25:03,155 - INFO - Starting Optuna study: nn_study_['Area']...
2025-11-06 23:25:03,155 - INFO - Loading data for Optuna study (Labels: ['Area'])...
[I 2025-11-06 23:25:03,973] Using an existing study with name 'nn_study_['Area']' instead of creating a new one.
/home/barattts/lavoltabuona/BA/.venv/daicheelavoltabuona/lib/python3.12/site-packages/torch/cuda/__init__.py:734: UserWarning: Can't initialize NVML
  warnings.warn("Can't initialize NVML")
[I 2025-11-06 23:25:32,365] Trial 2001 pruned. 
2025-11-06 23:28:34,074 - INFO - Trial 2002: Early stopping at epoch 100.
[I 2025-11-06 23:28:34,220] Trial 2002 finished with value: 0.005149317905306816 and parameters: {'learning_rate': 0.0022315575370976675, 'nr_neurons': 208, 'dropout_rate': 0.008948909243316254, 'weight_decay': 8.320782633143694e-05}. Best is trial 333 with value: 0.0009757127058634517.
[I 2025-11-06 23:28:54,184] Trial 2003 pruned. 
2025-11-06 23:32:05,227 - INFO - Trial 2004: Early stopping at epoch 97.
[I 2025-11-06 23:32:05,360] Trial 2004 finished with value: 0.0028171157464385033 and parameters: {'learning_rate': 0.0019714867351670914, 'nr_neurons': 194, 'dropout_rate': 0.00030423443405820026, 'weight_decay': 0.0014057201522324255}. Best is trial 333 with value: 0.0009757127058634517.
[I 2025-11-06 23:32:25,269] Trial 2005 pruned. 
[I 2025-11-06 23:32:45,150] Trial 2006 pruned. 
2025-11-06 23:34:18,688 - INFO - Trial 2007: Early stopping at epoch 50.
[I 2025-11-06 23:34:18,821] Trial 2007 finished with value: 0.007576387375593185 and parameters: {'learning_rate': 0.0017960651559045507, 'nr_neurons': 215, 'dropout_rate': 0.023856650279233418, 'weight_decay': 0.0020620121108435}. Best is trial 333 with value: 0.0009757127058634517.
[I 2025-11-06 23:34:38,726] Trial 2008 pruned. 
2025-11-06 23:37:24,969 - INFO - Trial 2009: Early stopping at epoch 85.
[I 2025-11-06 23:37:25,101] Trial 2009 finished with value: 0.0038983270060271025 and parameters: {'learning_rate': 0.0016232688721506644, 'nr_neurons': 199, 'dropout_rate': 0.010101401910415867, 'weight_decay': 0.00025750179738976786}. Best is trial 333 with value: 0.0009757127058634517.
[I 2025-11-06 23:37:45,013] Trial 2010 pruned. 
slurmstepd-argon-gtx: error: *** JOB 535 ON argon-gtx CANCELLED AT 2025-11-06T23:38:41 ***
