Job started on argon-gtx
Job ID: 545
Working directory: /home/barattts/lavoltabuona/BA
---
Starting Python script...
Unable to determine the device handle for GPU0000:61:00.0: Unknown Error
Running: python run_optuna.py --target Area --skip-optuna
/home/barattts/lavoltabuona/BA/.venv/daicheelavoltabuona/lib/python3.12/site-packages/torch/cuda/__init__.py:61: FutureWarning: The pynvml package is deprecated. Please install nvidia-ml-py instead. If you did not install pynvml directly, please report this to the maintainers of the package that installed pynvml for you.
  import pynvml  # type: ignore[import]
2025-11-07 18:40:39,848 - INFO - Using device: cuda
2025-11-07 18:40:39,850 - INFO - Target labels for this run: ['Area']
2025-11-07 18:40:39,850 - INFO - Skip Optuna: True
2025-11-07 18:40:39,851 - INFO - Skipping Optuna. Loading best parameters from study: nn_study_Area...
2025-11-07 18:40:41,011 - INFO - Successfully loaded best parameters from trial 333:
2025-11-07 18:40:41,038 - INFO -   Best value (RMSE): 0.000976
2025-11-07 18:40:47,707 - INFO -   Number of trials completed: 2718
2025-11-07 18:40:47,708 - INFO -   Optimized parameters:
2025-11-07 18:40:47,823 - INFO -     batch_size: 64
2025-11-07 18:40:47,823 - INFO -     learning_rate: 0.001372335074817238
2025-11-07 18:40:47,823 - INFO -     nr_hidden_layers: 2
2025-11-07 18:40:47,823 - INFO -     nr_neurons: 230
2025-11-07 18:40:47,823 - INFO -     dropout_rate: 8.943741579532514e-05
2025-11-07 18:40:47,823 - INFO -     weight_decay: 0.00021732207759797098
2025-11-07 18:40:47,823 - INFO -     activation_name: GELU
2025-11-07 18:40:47,823 - INFO -     loss_criterion: MSE
2025-11-07 18:40:47,823 - INFO -   Hardcoded parameters:
2025-11-07 18:40:47,823 - INFO -     batch_size: 64
2025-11-07 18:40:47,824 - INFO -     nr_hidden_layers: 2
2025-11-07 18:40:47,824 - INFO -     activation_name: GELU
2025-11-07 18:40:47,824 - INFO -     loss_criterion: MSE
2025-11-07 18:40:47,824 - INFO - Training final model with parameters...
2025-11-07 18:40:47,824 - INFO - Starting main training for labels ['Area']...
2025-11-07 18:40:48,960 - INFO - Final training: 47896 train samples, 11975 val samples, 25660 test samples.
/home/barattts/lavoltabuona/BA/.venv/daicheelavoltabuona/lib/python3.12/site-packages/torch/cuda/__init__.py:734: UserWarning: Can't initialize NVML
  warnings.warn("Can't initialize NVML")
2025-11-07 18:40:49,369 - INFO - Using MSELoss
2025-11-07 18:40:51,520 - INFO - Using CosineAnnealingLR with T_max=1000
2025-11-07 18:40:51,520 - INFO - Added warmup for 10 epochs
2025-11-07 18:40:51,590 - INFO - Starting final training loop for max 1000 epochs (Patience=100)...
2025-11-07 18:40:53,726 - INFO - Epoch [1/1000], Train Loss: 0.025618, Val Loss: 0.008648, LR: 0.000261
2025-11-07 18:40:53,728 - INFO - New best model found at epoch 1 with val_loss: 0.008648
2025-11-07 18:40:55,651 - INFO - New best model found at epoch 2 with val_loss: 0.008092
2025-11-07 18:40:57,526 - INFO - New best model found at epoch 3 with val_loss: 0.007097
2025-11-07 18:40:59,398 - INFO - New best model found at epoch 4 with val_loss: 0.004613
2025-11-07 18:41:01,248 - INFO - New best model found at epoch 5 with val_loss: 0.004216
2025-11-07 18:41:03,098 - INFO - New best model found at epoch 6 with val_loss: 0.002679
2025-11-07 18:41:04,955 - INFO - New best model found at epoch 7 with val_loss: 0.001837
2025-11-07 18:41:08,659 - INFO - New best model found at epoch 9 with val_loss: 0.001397
/home/barattts/lavoltabuona/BA/.venv/daicheelavoltabuona/lib/python3.12/site-packages/torch/optim/lr_scheduler.py:243: UserWarning: The epoch parameter in `scheduler.step()` was not necessary and is being deprecated where possible. Please use `scheduler.step()` to step the scheduler. During the deprecation, if epoch is different from None, the closed form is used instead of the new chainable form, where available. Please open an issue if you are unable to replicate your use case: https://github.com/pytorch/pytorch/issues/new/choose.
  warnings.warn(EPOCH_DEPRECATION_WARNING, UserWarning)
2025-11-07 18:41:12,376 - INFO - New best model found at epoch 11 with val_loss: 0.000997
2025-11-07 18:41:14,227 - INFO - New best model found at epoch 12 with val_loss: 0.000767
2025-11-07 18:41:17,941 - INFO - New best model found at epoch 14 with val_loss: 0.000447
2025-11-07 18:41:19,802 - INFO - New best model found at epoch 15 with val_loss: 0.000232
2025-11-07 18:41:23,530 - INFO - New best model found at epoch 17 with val_loss: 0.000156
2025-11-07 18:41:29,086 - INFO - New best model found at epoch 20 with val_loss: 0.000065
2025-11-07 18:41:47,646 - INFO - New best model found at epoch 30 with val_loss: 0.000062
2025-11-07 18:41:49,489 - INFO - New best model found at epoch 31 with val_loss: 0.000058
slurmstepd-argon-gtx: error: *** JOB 545 ON argon-gtx CANCELLED AT 2025-11-07T18:41:55 ***
