Job started on argon-gtx
Job ID: 500
Working directory: /home/barattts/lavoltabuona/BA
---
Starting Python script...
Running: python run_optuna.py --target Area
2025-11-04 14:42:30,960 - INFO - Using device: cuda
2025-11-04 14:42:30,961 - INFO - Target labels for this run: ['Area']
2025-11-04 14:42:30,962 - INFO - Loading data for Optuna study (Labels: ['Area'])...
2025-11-04 14:42:31,133 - INFO - Starting Optuna study: nn_study_['Area']...
[I 2025-11-04 14:42:31,862] Using an existing study with name 'nn_study_['Area']' instead of creating a new one.
/home/barattts/lavoltabuona/BA/.venv/daicheelavoltabuona/lib/python3.12/site-packages/torch/cuda/__init__.py:734: UserWarning: Can't initialize NVML
  warnings.warn("Can't initialize NVML")
[I 2025-11-04 14:43:03,785] Trial 527 pruned. 
[I 2025-11-04 14:43:10,551] Trial 531 pruned. 
[I 2025-11-04 14:43:30,548] Trial 533 pruned. 
[I 2025-11-04 14:43:49,187] Trial 534 pruned. 
[I 2025-11-04 14:44:08,198] Trial 536 pruned. 
[I 2025-11-04 14:44:26,962] Trial 538 pruned. 
[I 2025-11-04 14:44:45,587] Trial 540 pruned. 
[I 2025-11-04 14:45:07,867] Trial 542 pruned. 
[I 2025-11-04 14:47:14,049] Trial 544 pruned. 
[I 2025-11-04 14:47:22,970] Trial 551 pruned. 
[I 2025-11-04 14:47:47,836] Trial 552 pruned. 
[I 2025-11-04 14:49:05,186] Trial 553 pruned. 
[I 2025-11-04 14:49:23,925] Trial 554 pruned. 
[I 2025-11-04 14:49:42,711] Trial 555 pruned. 
[I 2025-11-04 14:50:01,393] Trial 556 pruned. 
[I 2025-11-04 14:50:08,235] Trial 558 pruned. 
2025-11-04 14:51:48,909 - INFO - Trial 560: Early stopping at epoch 59.
[I 2025-11-04 14:51:49,015] Trial 560 finished with value: 0.0064196474850177765 and parameters: {'batch_size': 64, 'learning_rate': 0.002031603782918198, 'nr_hidden_layers': 2, 'nr_neurons': 207, 'dropout_rate': 0.024308764487557335, 'weight_decay': 0.00028116701787431984, 'activation_name': 'GELU', 'loss_criterion': 'MSE'}. Best is trial 333 with value: 0.0009757127058634517.
[I 2025-11-04 14:52:07,770] Trial 563 pruned. 
