Job started on argon-gtx
Job ID: 536
Working directory: /home/barattts/lavoltabuona/BA
---
Starting Python script...
Running: python run_optuna.py --target all
2025-11-06 23:25:08,690 - INFO - Using device: cuda
2025-11-06 23:25:08,691 - INFO - Target labels for this run: ['Area', 'Iso_distance', 'Iso_width']
2025-11-06 23:25:08,691 - INFO - Skip Optuna: False
2025-11-06 23:25:08,692 - INFO - Starting Optuna study: nn_study_['Area', 'Iso_distance', 'Iso_width']...
2025-11-06 23:25:08,692 - INFO - Loading data for Optuna study (Labels: ['Area', 'Iso_distance', 'Iso_width'])...
[I 2025-11-06 23:25:09,498] Using an existing study with name 'nn_study_['Area', 'Iso_distance', 'Iso_width']' instead of creating a new one.
/home/barattts/lavoltabuona/BA/.venv/daicheelavoltabuona/lib/python3.12/site-packages/torch/cuda/__init__.py:734: UserWarning: Can't initialize NVML
  warnings.warn("Can't initialize NVML")
2025-11-06 23:27:27,447 - INFO - Trial 2000: Early stopping at epoch 72.
[I 2025-11-06 23:27:27,603] Trial 2000 finished with value: 0.005305916536599398 and parameters: {'learning_rate': 0.0017142499853462403, 'nr_neurons': 230, 'dropout_rate': 0.008699241152406344, 'weight_decay': 1.7229789944037826e-05}. Best is trial 587 with value: 0.0007413936528887068.
[I 2025-11-06 23:29:57,291] Trial 2001 pruned. 
[I 2025-11-06 23:30:26,257] Trial 2002 pruned. 
2025-11-06 23:33:19,009 - INFO - Trial 2003: Early stopping at epoch 81.
[I 2025-11-06 23:33:19,146] Trial 2003 finished with value: 0.003561169607564807 and parameters: {'learning_rate': 0.0015422666025958584, 'nr_neurons': 189, 'dropout_rate': 0.00022075464576096248, 'weight_decay': 1.5434141207271345e-05}. Best is trial 587 with value: 0.0007413936528887068.
2025-11-06 23:37:49,528 - INFO - Trial 2004: Early stopping at epoch 147.
[I 2025-11-06 23:37:49,665] Trial 2004 finished with value: 0.0021585167851299047 and parameters: {'learning_rate': 0.00183885196333529, 'nr_neurons': 213, 'dropout_rate': 0.0001608323551418531, 'weight_decay': 1.884904376053142e-05}. Best is trial 587 with value: 0.0007413936528887068.
slurmstepd-argon-gtx: error: *** JOB 536 ON argon-gtx CANCELLED AT 2025-11-06T23:38:41 ***
